[INFO  - 2016-02-16T05:23:40.535Z] GhostDriver - Main - running on port 25088
[INFO  - 2016-02-16T05:23:41.641Z] Session [70f55c00-d46d-11e5-a212-83f5da6a509c] - page.settings - {"XSSAuditingEnabled":false,"javascriptCanCloseWindows":true,"javascriptCanOpenWindows":true,"javascriptEnabled":true,"loadImages":true,"localToRemoteUrlAccessEnabled":false,"userAgent":"Mozilla/5.0 (Windows NT 6.1) AppleWebKit/538.1 (KHTML, like Gecko) PhantomJS/2.1.1 Safari/538.1","webSecurityEnabled":true}
[INFO  - 2016-02-16T05:23:41.642Z] Session [70f55c00-d46d-11e5-a212-83f5da6a509c] - page.customHeaders:  - {}
[INFO  - 2016-02-16T05:23:41.642Z] Session [70f55c00-d46d-11e5-a212-83f5da6a509c] - Session.negotiatedCapabilities - {"browserName":"phantomjs","version":"2.1.1","driverName":"ghostdriver","driverVersion":"1.2.0","platform":"windows-7-32bit","javascriptEnabled":true,"takesScreenshot":true,"handlesAlerts":false,"databaseEnabled":false,"locationContextEnabled":false,"applicationCacheEnabled":false,"browserConnectionEnabled":false,"cssSelectorsEnabled":true,"webStorageEnabled":false,"rotatable":false,"acceptSslCerts":false,"nativeEvents":true,"proxy":{"proxyType":"direct"}}
[INFO  - 2016-02-16T05:23:41.642Z] SessionManagerReqHand - _postNewSessionCommand - New Session Created: 70f55c00-d46d-11e5-a212-83f5da6a509c
[INFO  - 2016-02-16T05:26:02.897Z] ShutdownReqHand - _handle - About to shutdown
[INFO  - 2016-02-16T05:26:45.032Z] GhostDriver - Main - running on port 41137
[INFO  - 2016-02-16T05:26:45.856Z] Session [dec2f2b0-d46d-11e5-aa3f-33288a1d436c] - page.settings - {"XSSAuditingEnabled":false,"javascriptCanCloseWindows":true,"javascriptCanOpenWindows":true,"javascriptEnabled":true,"loadImages":true,"localToRemoteUrlAccessEnabled":false,"userAgent":"Mozilla/5.0 (Windows NT 6.1) AppleWebKit/538.1 (KHTML, like Gecko) PhantomJS/2.1.1 Safari/538.1","webSecurityEnabled":true}
[INFO  - 2016-02-16T05:26:45.856Z] Session [dec2f2b0-d46d-11e5-aa3f-33288a1d436c] - page.customHeaders:  - {}
[INFO  - 2016-02-16T05:26:45.856Z] Session [dec2f2b0-d46d-11e5-aa3f-33288a1d436c] - Session.negotiatedCapabilities - {"browserName":"phantomjs","version":"2.1.1","driverName":"ghostdriver","driverVersion":"1.2.0","platform":"windows-7-32bit","javascriptEnabled":true,"takesScreenshot":true,"handlesAlerts":false,"databaseEnabled":false,"locationContextEnabled":false,"applicationCacheEnabled":false,"browserConnectionEnabled":false,"cssSelectorsEnabled":true,"webStorageEnabled":false,"rotatable":false,"acceptSslCerts":false,"nativeEvents":true,"proxy":{"proxyType":"direct"}}
[INFO  - 2016-02-16T05:26:45.856Z] SessionManagerReqHand - _postNewSessionCommand - New Session Created: dec2f2b0-d46d-11e5-aa3f-33288a1d436c
[INFO  - 2016-02-16T05:28:32.520Z] ShutdownReqHand - _handle - About to shutdown
[INFO  - 2016-02-16T05:39:52.923Z] GhostDriver - Main - running on port 28336
[INFO  - 2016-02-16T05:39:53.627Z] Session [b44f1c50-d46f-11e5-967c-9dbe0d04167c] - page.settings - {"XSSAuditingEnabled":false,"javascriptCanCloseWindows":true,"javascriptCanOpenWindows":true,"javascriptEnabled":true,"loadImages":true,"localToRemoteUrlAccessEnabled":false,"userAgent":"Mozilla/5.0 (Windows NT 6.1) AppleWebKit/538.1 (KHTML, like Gecko) PhantomJS/2.1.1 Safari/538.1","webSecurityEnabled":true}
[INFO  - 2016-02-16T05:39:53.627Z] Session [b44f1c50-d46f-11e5-967c-9dbe0d04167c] - page.customHeaders:  - {}
[INFO  - 2016-02-16T05:39:53.627Z] Session [b44f1c50-d46f-11e5-967c-9dbe0d04167c] - Session.negotiatedCapabilities - {"browserName":"phantomjs","version":"2.1.1","driverName":"ghostdriver","driverVersion":"1.2.0","platform":"windows-7-32bit","javascriptEnabled":true,"takesScreenshot":true,"handlesAlerts":false,"databaseEnabled":false,"locationContextEnabled":false,"applicationCacheEnabled":false,"browserConnectionEnabled":false,"cssSelectorsEnabled":true,"webStorageEnabled":false,"rotatable":false,"acceptSslCerts":false,"nativeEvents":true,"proxy":{"proxyType":"direct"}}
[INFO  - 2016-02-16T05:39:53.628Z] SessionManagerReqHand - _postNewSessionCommand - New Session Created: b44f1c50-d46f-11e5-967c-9dbe0d04167c
[INFO  - 2016-02-16T05:41:20.072Z] ShutdownReqHand - _handle - About to shutdown
[INFO  - 2016-02-16T05:42:47.583Z] GhostDriver - Main - running on port 22644
[INFO  - 2016-02-16T05:42:47.821Z] Session [1c230170-d470-11e5-b4bf-7f18921e653b] - page.settings - {"XSSAuditingEnabled":false,"javascriptCanCloseWindows":true,"javascriptCanOpenWindows":true,"javascriptEnabled":true,"loadImages":true,"localToRemoteUrlAccessEnabled":false,"userAgent":"Mozilla/5.0 (Windows NT 6.1) AppleWebKit/538.1 (KHTML, like Gecko) PhantomJS/2.1.1 Safari/538.1","webSecurityEnabled":true}
[INFO  - 2016-02-16T05:42:47.821Z] Session [1c230170-d470-11e5-b4bf-7f18921e653b] - page.customHeaders:  - {}
[INFO  - 2016-02-16T05:42:47.821Z] Session [1c230170-d470-11e5-b4bf-7f18921e653b] - Session.negotiatedCapabilities - {"browserName":"phantomjs","version":"2.1.1","driverName":"ghostdriver","driverVersion":"1.2.0","platform":"windows-7-32bit","javascriptEnabled":true,"takesScreenshot":true,"handlesAlerts":false,"databaseEnabled":false,"locationContextEnabled":false,"applicationCacheEnabled":false,"browserConnectionEnabled":false,"cssSelectorsEnabled":true,"webStorageEnabled":false,"rotatable":false,"acceptSslCerts":false,"nativeEvents":true,"proxy":{"proxyType":"direct"}}
[INFO  - 2016-02-16T05:42:47.822Z] SessionManagerReqHand - _postNewSessionCommand - New Session Created: 1c230170-d470-11e5-b4bf-7f18921e653b
[INFO  - 2016-02-16T05:44:13.260Z] ShutdownReqHand - _handle - About to shutdown
[INFO  - 2016-02-16T05:47:50.918Z] GhostDriver - Main - running on port 29070
[INFO  - 2016-02-16T05:47:51.174Z] Session [d0f32710-d470-11e5-b89e-ff0ac5596be5] - page.settings - {"XSSAuditingEnabled":false,"javascriptCanCloseWindows":true,"javascriptCanOpenWindows":true,"javascriptEnabled":true,"loadImages":true,"localToRemoteUrlAccessEnabled":false,"userAgent":"Mozilla/5.0 (Windows NT 6.1) AppleWebKit/538.1 (KHTML, like Gecko) PhantomJS/2.1.1 Safari/538.1","webSecurityEnabled":true}
[INFO  - 2016-02-16T05:47:51.174Z] Session [d0f32710-d470-11e5-b89e-ff0ac5596be5] - page.customHeaders:  - {}
[INFO  - 2016-02-16T05:47:51.174Z] Session [d0f32710-d470-11e5-b89e-ff0ac5596be5] - Session.negotiatedCapabilities - {"browserName":"phantomjs","version":"2.1.1","driverName":"ghostdriver","driverVersion":"1.2.0","platform":"windows-7-32bit","javascriptEnabled":true,"takesScreenshot":true,"handlesAlerts":false,"databaseEnabled":false,"locationContextEnabled":false,"applicationCacheEnabled":false,"browserConnectionEnabled":false,"cssSelectorsEnabled":true,"webStorageEnabled":false,"rotatable":false,"acceptSslCerts":false,"nativeEvents":true,"proxy":{"proxyType":"direct"}}
[INFO  - 2016-02-16T05:47:51.174Z] SessionManagerReqHand - _postNewSessionCommand - New Session Created: d0f32710-d470-11e5-b89e-ff0ac5596be5
[INFO  - 2016-02-16T05:49:18.130Z] ShutdownReqHand - _handle - About to shutdown
[INFO  - 2016-02-16T05:57:37.193Z] GhostDriver - Main - running on port 37159
[INFO  - 2016-02-16T05:57:37.455Z] Session [2e65ec60-d472-11e5-867a-83a17d05560b] - page.settings - {"XSSAuditingEnabled":false,"javascriptCanCloseWindows":true,"javascriptCanOpenWindows":true,"javascriptEnabled":true,"loadImages":true,"localToRemoteUrlAccessEnabled":false,"userAgent":"Mozilla/5.0 (Windows NT 6.1) AppleWebKit/538.1 (KHTML, like Gecko) PhantomJS/2.1.1 Safari/538.1","webSecurityEnabled":true}
[INFO  - 2016-02-16T05:57:37.455Z] Session [2e65ec60-d472-11e5-867a-83a17d05560b] - page.customHeaders:  - {}
[INFO  - 2016-02-16T05:57:37.455Z] Session [2e65ec60-d472-11e5-867a-83a17d05560b] - Session.negotiatedCapabilities - {"browserName":"phantomjs","version":"2.1.1","driverName":"ghostdriver","driverVersion":"1.2.0","platform":"windows-7-32bit","javascriptEnabled":true,"takesScreenshot":true,"handlesAlerts":false,"databaseEnabled":false,"locationContextEnabled":false,"applicationCacheEnabled":false,"browserConnectionEnabled":false,"cssSelectorsEnabled":true,"webStorageEnabled":false,"rotatable":false,"acceptSslCerts":false,"nativeEvents":true,"proxy":{"proxyType":"direct"}}
[INFO  - 2016-02-16T05:57:37.455Z] SessionManagerReqHand - _postNewSessionCommand - New Session Created: 2e65ec60-d472-11e5-867a-83a17d05560b
[INFO  - 2016-02-16T05:59:03.899Z] ShutdownReqHand - _handle - About to shutdown
[INFO  - 2016-02-16T06:02:55.093Z] GhostDriver - Main - running on port 48128
[INFO  - 2016-02-16T06:02:55.815Z] Session [ec284310-d472-11e5-b6b1-2d0c7f7fe179] - page.settings - {"XSSAuditingEnabled":false,"javascriptCanCloseWindows":true,"javascriptCanOpenWindows":true,"javascriptEnabled":true,"loadImages":true,"localToRemoteUrlAccessEnabled":false,"userAgent":"Mozilla/5.0 (Windows NT 6.1) AppleWebKit/538.1 (KHTML, like Gecko) PhantomJS/2.1.1 Safari/538.1","webSecurityEnabled":true}
[INFO  - 2016-02-16T06:02:55.815Z] Session [ec284310-d472-11e5-b6b1-2d0c7f7fe179] - page.customHeaders:  - {}
[INFO  - 2016-02-16T06:02:55.815Z] Session [ec284310-d472-11e5-b6b1-2d0c7f7fe179] - Session.negotiatedCapabilities - {"browserName":"phantomjs","version":"2.1.1","driverName":"ghostdriver","driverVersion":"1.2.0","platform":"windows-7-32bit","javascriptEnabled":true,"takesScreenshot":true,"handlesAlerts":false,"databaseEnabled":false,"locationContextEnabled":false,"applicationCacheEnabled":false,"browserConnectionEnabled":false,"cssSelectorsEnabled":true,"webStorageEnabled":false,"rotatable":false,"acceptSslCerts":false,"nativeEvents":true,"proxy":{"proxyType":"direct"}}
[INFO  - 2016-02-16T06:02:55.815Z] SessionManagerReqHand - _postNewSessionCommand - New Session Created: ec284310-d472-11e5-b6b1-2d0c7f7fe179
[INFO  - 2016-02-16T06:04:17.013Z] ShutdownReqHand - _handle - About to shutdown
[INFO  - 2016-02-25T09:49:48.453Z] GhostDriver - Main - running on port 16874
[INFO  - 2016-02-25T09:49:49.546Z] Session [1c4a8240-dba5-11e5-b3fc-13642f91e1b5] - page.settings - {"XSSAuditingEnabled":false,"javascriptCanCloseWindows":true,"javascriptCanOpenWindows":true,"javascriptEnabled":true,"loadImages":true,"localToRemoteUrlAccessEnabled":false,"userAgent":"Mozilla/5.0 (Windows NT 6.1) AppleWebKit/538.1 (KHTML, like Gecko) PhantomJS/2.1.1 Safari/538.1","webSecurityEnabled":true}
[INFO  - 2016-02-25T09:49:49.546Z] Session [1c4a8240-dba5-11e5-b3fc-13642f91e1b5] - page.customHeaders:  - {}
[INFO  - 2016-02-25T09:49:49.546Z] Session [1c4a8240-dba5-11e5-b3fc-13642f91e1b5] - Session.negotiatedCapabilities - {"browserName":"phantomjs","version":"2.1.1","driverName":"ghostdriver","driverVersion":"1.2.0","platform":"windows-7-32bit","javascriptEnabled":true,"takesScreenshot":true,"handlesAlerts":false,"databaseEnabled":false,"locationContextEnabled":false,"applicationCacheEnabled":false,"browserConnectionEnabled":false,"cssSelectorsEnabled":true,"webStorageEnabled":false,"rotatable":false,"acceptSslCerts":false,"nativeEvents":true,"proxy":{"proxyType":"direct"}}
[INFO  - 2016-02-25T09:49:49.546Z] SessionManagerReqHand - _postNewSessionCommand - New Session Created: 1c4a8240-dba5-11e5-b3fc-13642f91e1b5
[INFO  - 2016-02-25T09:51:43.284Z] ShutdownReqHand - _handle - About to shutdown
[INFO  - 2016-02-25T09:58:07.053Z] GhostDriver - Main - running on port 40008
[INFO  - 2016-02-25T09:58:08.004Z] Session [456550f0-dba6-11e5-80f6-8da870df29ff] - page.settings - {"XSSAuditingEnabled":false,"javascriptCanCloseWindows":true,"javascriptCanOpenWindows":true,"javascriptEnabled":true,"loadImages":true,"localToRemoteUrlAccessEnabled":false,"userAgent":"Mozilla/5.0 (Windows NT 6.1) AppleWebKit/538.1 (KHTML, like Gecko) PhantomJS/2.1.1 Safari/538.1","webSecurityEnabled":true}
[INFO  - 2016-02-25T09:58:08.004Z] Session [456550f0-dba6-11e5-80f6-8da870df29ff] - page.customHeaders:  - {}
[INFO  - 2016-02-25T09:58:08.004Z] Session [456550f0-dba6-11e5-80f6-8da870df29ff] - Session.negotiatedCapabilities - {"browserName":"phantomjs","version":"2.1.1","driverName":"ghostdriver","driverVersion":"1.2.0","platform":"windows-7-32bit","javascriptEnabled":true,"takesScreenshot":true,"handlesAlerts":false,"databaseEnabled":false,"locationContextEnabled":false,"applicationCacheEnabled":false,"browserConnectionEnabled":false,"cssSelectorsEnabled":true,"webStorageEnabled":false,"rotatable":false,"acceptSslCerts":false,"nativeEvents":true,"proxy":{"proxyType":"direct"}}
[INFO  - 2016-02-25T09:58:08.004Z] SessionManagerReqHand - _postNewSessionCommand - New Session Created: 456550f0-dba6-11e5-80f6-8da870df29ff
[INFO  - 2016-02-25T09:59:51.601Z] ShutdownReqHand - _handle - About to shutdown
[INFO  - 2016-02-25T10:00:39.399Z] GhostDriver - Main - running on port 24899
[INFO  - 2016-02-25T10:00:40.228Z] Session [a020b3e0-dba6-11e5-b9aa-d73f93305fe6] - page.settings - {"XSSAuditingEnabled":false,"javascriptCanCloseWindows":true,"javascriptCanOpenWindows":true,"javascriptEnabled":true,"loadImages":true,"localToRemoteUrlAccessEnabled":false,"userAgent":"Mozilla/5.0 (Windows NT 6.1) AppleWebKit/538.1 (KHTML, like Gecko) PhantomJS/2.1.1 Safari/538.1","webSecurityEnabled":true}
[INFO  - 2016-02-25T10:00:40.228Z] Session [a020b3e0-dba6-11e5-b9aa-d73f93305fe6] - page.customHeaders:  - {}
[INFO  - 2016-02-25T10:00:40.228Z] Session [a020b3e0-dba6-11e5-b9aa-d73f93305fe6] - Session.negotiatedCapabilities - {"browserName":"phantomjs","version":"2.1.1","driverName":"ghostdriver","driverVersion":"1.2.0","platform":"windows-7-32bit","javascriptEnabled":true,"takesScreenshot":true,"handlesAlerts":false,"databaseEnabled":false,"locationContextEnabled":false,"applicationCacheEnabled":false,"browserConnectionEnabled":false,"cssSelectorsEnabled":true,"webStorageEnabled":false,"rotatable":false,"acceptSslCerts":false,"nativeEvents":true,"proxy":{"proxyType":"direct"}}
[INFO  - 2016-02-25T10:00:40.228Z] SessionManagerReqHand - _postNewSessionCommand - New Session Created: a020b3e0-dba6-11e5-b9aa-d73f93305fe6
[INFO  - 2016-02-25T10:02:13.926Z] ShutdownReqHand - _handle - About to shutdown
[INFO  - 2016-02-25T10:13:34.873Z] GhostDriver - Main - running on port 2617
[INFO  - 2016-02-25T10:13:35.790Z] Session [6e663990-dba8-11e5-80d5-f5811d5625ed] - page.settings - {"XSSAuditingEnabled":false,"javascriptCanCloseWindows":true,"javascriptCanOpenWindows":true,"javascriptEnabled":true,"loadImages":true,"localToRemoteUrlAccessEnabled":false,"userAgent":"Mozilla/5.0 (Windows NT 6.1) AppleWebKit/538.1 (KHTML, like Gecko) PhantomJS/2.1.1 Safari/538.1","webSecurityEnabled":true}
[INFO  - 2016-02-25T10:13:35.791Z] Session [6e663990-dba8-11e5-80d5-f5811d5625ed] - page.customHeaders:  - {}
[INFO  - 2016-02-25T10:13:35.791Z] Session [6e663990-dba8-11e5-80d5-f5811d5625ed] - Session.negotiatedCapabilities - {"browserName":"phantomjs","version":"2.1.1","driverName":"ghostdriver","driverVersion":"1.2.0","platform":"windows-7-32bit","javascriptEnabled":true,"takesScreenshot":true,"handlesAlerts":false,"databaseEnabled":false,"locationContextEnabled":false,"applicationCacheEnabled":false,"browserConnectionEnabled":false,"cssSelectorsEnabled":true,"webStorageEnabled":false,"rotatable":false,"acceptSslCerts":false,"nativeEvents":true,"proxy":{"proxyType":"direct"}}
[INFO  - 2016-02-25T10:13:35.791Z] SessionManagerReqHand - _postNewSessionCommand - New Session Created: 6e663990-dba8-11e5-80d5-f5811d5625ed
[INFO  - 2016-02-25T10:16:12.439Z] ShutdownReqHand - _handle - About to shutdown
[INFO  - 2016-02-25T10:16:15.233Z] GhostDriver - Main - running on port 27948
[INFO  - 2016-02-25T10:16:15.390Z] Session [cd86f270-dba8-11e5-a79a-7b2e061cceb0] - page.settings - {"XSSAuditingEnabled":false,"javascriptCanCloseWindows":true,"javascriptCanOpenWindows":true,"javascriptEnabled":true,"loadImages":true,"localToRemoteUrlAccessEnabled":false,"userAgent":"Mozilla/5.0 (Windows NT 6.1) AppleWebKit/538.1 (KHTML, like Gecko) PhantomJS/2.1.1 Safari/538.1","webSecurityEnabled":true}
[INFO  - 2016-02-25T10:16:15.391Z] Session [cd86f270-dba8-11e5-a79a-7b2e061cceb0] - page.customHeaders:  - {}
[INFO  - 2016-02-25T10:16:15.391Z] Session [cd86f270-dba8-11e5-a79a-7b2e061cceb0] - Session.negotiatedCapabilities - {"browserName":"phantomjs","version":"2.1.1","driverName":"ghostdriver","driverVersion":"1.2.0","platform":"windows-7-32bit","javascriptEnabled":true,"takesScreenshot":true,"handlesAlerts":false,"databaseEnabled":false,"locationContextEnabled":false,"applicationCacheEnabled":false,"browserConnectionEnabled":false,"cssSelectorsEnabled":true,"webStorageEnabled":false,"rotatable":false,"acceptSslCerts":false,"nativeEvents":true,"proxy":{"proxyType":"direct"}}
[INFO  - 2016-02-25T10:16:15.391Z] SessionManagerReqHand - _postNewSessionCommand - New Session Created: cd86f270-dba8-11e5-a79a-7b2e061cceb0
[INFO  - 2016-02-25T10:17:12.606Z] ShutdownReqHand - _handle - About to shutdown
[INFO  - 2016-02-25T10:17:35.540Z] GhostDriver - Main - running on port 18020
[INFO  - 2016-02-25T10:17:35.887Z] Session [fd821ea0-dba8-11e5-97b1-573341277d04] - page.settings - {"XSSAuditingEnabled":false,"javascriptCanCloseWindows":true,"javascriptCanOpenWindows":true,"javascriptEnabled":true,"loadImages":true,"localToRemoteUrlAccessEnabled":false,"userAgent":"Mozilla/5.0 (Windows NT 6.1) AppleWebKit/538.1 (KHTML, like Gecko) PhantomJS/2.1.1 Safari/538.1","webSecurityEnabled":true}
[INFO  - 2016-02-25T10:17:35.887Z] Session [fd821ea0-dba8-11e5-97b1-573341277d04] - page.customHeaders:  - {}
[INFO  - 2016-02-25T10:17:35.887Z] Session [fd821ea0-dba8-11e5-97b1-573341277d04] - Session.negotiatedCapabilities - {"browserName":"phantomjs","version":"2.1.1","driverName":"ghostdriver","driverVersion":"1.2.0","platform":"windows-7-32bit","javascriptEnabled":true,"takesScreenshot":true,"handlesAlerts":false,"databaseEnabled":false,"locationContextEnabled":false,"applicationCacheEnabled":false,"browserConnectionEnabled":false,"cssSelectorsEnabled":true,"webStorageEnabled":false,"rotatable":false,"acceptSslCerts":false,"nativeEvents":true,"proxy":{"proxyType":"direct"}}
[INFO  - 2016-02-25T10:17:35.888Z] SessionManagerReqHand - _postNewSessionCommand - New Session Created: fd821ea0-dba8-11e5-97b1-573341277d04
[INFO  - 2016-02-25T10:19:53.202Z] ShutdownReqHand - _handle - About to shutdown
[INFO  - 2016-02-25T10:19:56.002Z] GhostDriver - Main - running on port 3432
[INFO  - 2016-02-25T10:19:56.123Z] Session [51184850-dba9-11e5-8c52-5b9d025bd7e6] - page.settings - {"XSSAuditingEnabled":false,"javascriptCanCloseWindows":true,"javascriptCanOpenWindows":true,"javascriptEnabled":true,"loadImages":true,"localToRemoteUrlAccessEnabled":false,"userAgent":"Mozilla/5.0 (Windows NT 6.1) AppleWebKit/538.1 (KHTML, like Gecko) PhantomJS/2.1.1 Safari/538.1","webSecurityEnabled":true}
[INFO  - 2016-02-25T10:19:56.123Z] Session [51184850-dba9-11e5-8c52-5b9d025bd7e6] - page.customHeaders:  - {}
[INFO  - 2016-02-25T10:19:56.124Z] Session [51184850-dba9-11e5-8c52-5b9d025bd7e6] - Session.negotiatedCapabilities - {"browserName":"phantomjs","version":"2.1.1","driverName":"ghostdriver","driverVersion":"1.2.0","platform":"windows-7-32bit","javascriptEnabled":true,"takesScreenshot":true,"handlesAlerts":false,"databaseEnabled":false,"locationContextEnabled":false,"applicationCacheEnabled":false,"browserConnectionEnabled":false,"cssSelectorsEnabled":true,"webStorageEnabled":false,"rotatable":false,"acceptSslCerts":false,"nativeEvents":true,"proxy":{"proxyType":"direct"}}
[INFO  - 2016-02-25T10:19:56.124Z] SessionManagerReqHand - _postNewSessionCommand - New Session Created: 51184850-dba9-11e5-8c52-5b9d025bd7e6
[INFO  - 2016-02-25T10:20:44.743Z] Session [51184850-dba9-11e5-8c52-5b9d025bd7e6] - page.settings - {"XSSAuditingEnabled":false,"javascriptCanCloseWindows":true,"javascriptCanOpenWindows":true,"javascriptEnabled":true,"loadImages":true,"localToRemoteUrlAccessEnabled":false,"userAgent":"Mozilla/5.0 (Windows NT 6.1) AppleWebKit/538.1 (KHTML, like Gecko) PhantomJS/2.1.1 Safari/538.1","webSecurityEnabled":true}
[INFO  - 2016-02-25T10:20:44.743Z] Session [51184850-dba9-11e5-8c52-5b9d025bd7e6] - page.customHeaders:  - {}
[ERROR - 2016-02-25T10:20:47.764Z] Session [51184850-dba9-11e5-8c52-5b9d025bd7e6] - page.onError - msg: TypeError: undefined is not an object (evaluating 'top.document.URL')
[ERROR - 2016-02-25T10:20:47.764Z] Session [51184850-dba9-11e5-8c52-5b9d025bd7e6] - page.onError - stack:
  goBack (https://www.facebook.com/plugins/like.php?app_id&channel=http%3A%2F%2Fstaticxx.facebook.com%2Fconnect%2Fxd_arbiter.php%3Fversion%3D42%23cb%3Df58823eb%26domain%3Dwww.mindfiresolutions.com%26origin%3Dhttp%253A%252F%252Fwww.mindfiresolutions.com%252Ff3313a329%26relation%3Dparent.parent&container_width=0&href=http%3A%2F%2Fwww.mindfiresolutions.com%2Fblog%2F2011%2F03%2F23%2Fsoftware-testers-who-is-your-boss%2F&layout=button_count&locale=en_US&sdk=joey&send=false&show_faces=false:279)
  continueFromAutoPopUp (https://www.facebook.com/plugins/like.php?app_id&channel=http%3A%2F%2Fstaticxx.facebook.com%2Fconnect%2Fxd_arbiter.php%3Fversion%3D42%23cb%3Df58823eb%26domain%3Dwww.mindfiresolutions.com%26origin%3Dhttp%253A%252F%252Fwww.mindfiresolutions.com%252Ff3313a329%26relation%3Dparent.parent&container_width=0&href=http%3A%2F%2Fwww.mindfiresolutions.com%2Fblog%2F2011%2F03%2F23%2Fsoftware-testers-who-is-your-boss%2F&layout=button_count&locale=en_US&sdk=joey&send=false&show_faces=false:186)
[INFO  - 2016-02-25T10:20:52.887Z] ShutdownReqHand - _handle - About to shutdown
[INFO  - 2016-02-25T10:24:16.820Z] GhostDriver - Main - running on port 4706
[INFO  - 2016-02-25T10:24:17.664Z] Session [ecfc6cb0-dba9-11e5-b0ef-339a7ec12891] - page.settings - {"XSSAuditingEnabled":false,"javascriptCanCloseWindows":true,"javascriptCanOpenWindows":true,"javascriptEnabled":true,"loadImages":true,"localToRemoteUrlAccessEnabled":false,"userAgent":"Mozilla/5.0 (Windows NT 6.1) AppleWebKit/538.1 (KHTML, like Gecko) PhantomJS/2.1.1 Safari/538.1","webSecurityEnabled":true}
[INFO  - 2016-02-25T10:24:17.664Z] Session [ecfc6cb0-dba9-11e5-b0ef-339a7ec12891] - page.customHeaders:  - {}
[INFO  - 2016-02-25T10:24:17.664Z] Session [ecfc6cb0-dba9-11e5-b0ef-339a7ec12891] - Session.negotiatedCapabilities - {"browserName":"phantomjs","version":"2.1.1","driverName":"ghostdriver","driverVersion":"1.2.0","platform":"windows-7-32bit","javascriptEnabled":true,"takesScreenshot":true,"handlesAlerts":false,"databaseEnabled":false,"locationContextEnabled":false,"applicationCacheEnabled":false,"browserConnectionEnabled":false,"cssSelectorsEnabled":true,"webStorageEnabled":false,"rotatable":false,"acceptSslCerts":false,"nativeEvents":true,"proxy":{"proxyType":"direct"}}
[INFO  - 2016-02-25T10:24:17.664Z] SessionManagerReqHand - _postNewSessionCommand - New Session Created: ecfc6cb0-dba9-11e5-b0ef-339a7ec12891
[INFO  - 2016-02-25T10:25:52.097Z] ShutdownReqHand - _handle - About to shutdown
